#
# There is insufficient memory for the Java Runtime Environment to continue.
# Native memory allocation (malloc) failed to allocate 32744 bytes for ChunkPool::allocate
# Possible reasons:
#   The system is out of physical RAM or swap space
#   In 32 bit mode, the process size limit was hit
# Possible solutions:
#   Reduce memory load on the system
#   Increase physical memory or swap space
#   Check if swap backing store is full
#   Use 64 bit Java on a 64 bit OS
#   Decrease Java heap size (-Xmx/-Xms)
#   Decrease number of Java threads
#   Decrease Java thread stack sizes (-Xss)
#   Set larger code cache with -XX:ReservedCodeCacheSize=
# This output file may be truncated or incomplete.
#
#  Out of Memory Error (allocation.cpp:273), pid=8144, tid=4788
#
# JRE version: Java(TM) SE Runtime Environment (8.0_73-b02) (build 1.8.0_73-b02)
# Java VM: Java HotSpot(TM) 64-Bit Server VM (25.73-b02 mixed mode windows-amd64 compressed oops)
# Failed to write core dump. Minidumps are not enabled by default on client versions of Windows
#

---------------  T H R E A D  ---------------

Current thread (0x0000000014cd2000):  JavaThread "C1 CompilerThread2" daemon [_thread_in_native, id=4788, stack(0x0000000016b00000,0x0000000016c00000)]

Stack: [0x0000000016b00000,0x0000000016c00000]
[error occurred during error reporting (printing stack bounds), id 0xc0000005]

Native frames: (J=compiled Java code, j=interpreted, Vv=VM code, C=native code)


Current CompileTask:
C1:  24267 1646       3       java.io.DataOutputStream::writeUTF (435 bytes)


---------------  P R O C E S S  ---------------

Java Threads: ( => current thread )
  0x000000001839d000 JavaThread "play-thread-1" [_thread_in_native, id=8376, stack(0x000000001b4e0000,0x000000001b5e0000)]
  0x000000001839c000 JavaThread "DestroyJavaVM" [_thread_blocked, id=8648, stack(0x00000000022e0000,0x00000000023e0000)]
  0x000000001839a800 JavaThread "New I/O server boss #18" [_thread_in_native, id=8348, stack(0x000000001b3e0000,0x000000001b4e0000)]
  0x000000001839a000 JavaThread "New I/O worker #17" [_thread_in_native, id=6420, stack(0x000000001b2e0000,0x000000001b3e0000)]
  0x0000000018399000 JavaThread "New I/O worker #16" [_thread_in_native, id=7072, stack(0x000000001b1e0000,0x000000001b2e0000)]
  0x000000001839f000 JavaThread "New I/O worker #15" [_thread_in_native, id=5780, stack(0x000000001b0e0000,0x000000001b1e0000)]
  0x000000001839b800 JavaThread "New I/O worker #14" [_thread_in_native, id=3588, stack(0x000000001afe0000,0x000000001b0e0000)]
  0x000000001839e800 JavaThread "New I/O worker #13" [_thread_in_native, id=7704, stack(0x000000001aee0000,0x000000001afe0000)]
  0x000000001839d800 JavaThread "New I/O worker #12" [_thread_in_native, id=9212, stack(0x000000001ade0000,0x000000001aee0000)]
  0x000000001826c000 JavaThread "New I/O worker #11" [_thread_in_native, id=708, stack(0x000000001abe0000,0x000000001ace0000)]
  0x000000001840c000 JavaThread "New I/O worker #10" [_thread_in_native, id=2052, stack(0x000000001aae0000,0x000000001abe0000)]
  0x000000001781f800 JavaThread "New I/O server boss #9" [_thread_in_native, id=5720, stack(0x000000001a9e0000,0x000000001aae0000)]
  0x00000000183d9000 JavaThread "New I/O worker #8" [_thread_in_native, id=4044, stack(0x000000001a8e0000,0x000000001a9e0000)]
  0x000000001906b000 JavaThread "New I/O worker #7" [_thread_in_native, id=9204, stack(0x000000001a7e0000,0x000000001a8e0000)]
  0x000000001906a800 JavaThread "New I/O worker #6" [_thread_in_native, id=7436, stack(0x000000001a6e0000,0x000000001a7e0000)]
  0x00000000177aa000 JavaThread "New I/O worker #5" [_thread_in_native, id=2992, stack(0x000000001a5e0000,0x000000001a6e0000)]
  0x00000000177a8000 JavaThread "New I/O worker #4" [_thread_in_native, id=3200, stack(0x000000001a4e0000,0x000000001a5e0000)]
  0x0000000018c16800 JavaThread "New I/O worker #3" [_thread_in_native, id=8448, stack(0x000000001a3e0000,0x000000001a4e0000)]
  0x0000000018290000 JavaThread "New I/O worker #2" [_thread_in_native, id=2816, stack(0x0000000018a30000,0x0000000018b30000)]
  0x0000000018c37800 JavaThread "New I/O worker #1" [_thread_in_native, id=3068, stack(0x0000000017600000,0x0000000017700000)]
  0x0000000014cde000 JavaThread "Service Thread" daemon [_thread_blocked, id=7656, stack(0x0000000016c00000,0x0000000016d00000)]
=>0x0000000014cd2000 JavaThread "C1 CompilerThread2" daemon [_thread_in_native, id=4788, stack(0x0000000016b00000,0x0000000016c00000)]
  0x0000000014cd1000 JavaThread "C2 CompilerThread1" daemon [_thread_in_native, id=2512, stack(0x0000000016a00000,0x0000000016b00000)]
  0x0000000014cd0000 JavaThread "C2 CompilerThread0" daemon [_thread_in_native, id=6232, stack(0x0000000016900000,0x0000000016a00000)]
  0x0000000014cc1800 JavaThread "JDWP Event Helper Thread" daemon [_thread_blocked, id=6576, stack(0x0000000016800000,0x0000000016900000)]
  0x0000000016343800 JavaThread "JDWP Transport Listener: dt_socket" daemon [_thread_in_native, id=6832, stack(0x0000000016700000,0x0000000016800000)]
  0x0000000014c80000 JavaThread "Attach Listener" daemon [_thread_blocked, id=8984, stack(0x0000000016200000,0x0000000016300000)]
  0x0000000014c7f000 JavaThread "Signal Dispatcher" daemon [_thread_blocked, id=6900, stack(0x0000000016100000,0x0000000016200000)]
  0x00000000025d5000 JavaThread "Finalizer" daemon [_thread_blocked, id=9040, stack(0x0000000015ef0000,0x0000000015ff0000)]
  0x00000000025d2000 JavaThread "Reference Handler" daemon [_thread_blocked, id=8204, stack(0x0000000015df0000,0x0000000015ef0000)]

Other Threads:
  0x0000000014c46000 VMThread [stack: 0x0000000015cf0000,0x0000000015df0000] [id=2184]
  0x00000000163e5800 WatcherThread [stack: 0x0000000016d00000,0x0000000016e00000] [id=5016]

VM state:not at safepoint (normal execution)

VM Mutex/Monitor currently owned by a thread: None

Heap:
 PSYoungGen      total 15360K, used 14566K [0x00000000eac00000, 0x00000000ec800000, 0x0000000100000000)
  eden space 12800K, 94% used [0x00000000eac00000,0x00000000eb7c1a90,0x00000000eb880000)
  from space 2560K, 98% used [0x00000000ebe80000,0x00000000ec0f8020,0x00000000ec100000)
  to   space 6144K, 0% used [0x00000000eb880000,0x00000000eb880000,0x00000000ebe80000)
 ParOldGen       total 44032K, used 10914K [0x00000000c0400000, 0x00000000c2f00000, 0x00000000eac00000)
  object space 44032K, 24% used [0x00000000c0400000,0x00000000c0ea8b58,0x00000000c2f00000)
 Metaspace       used 18511K, capacity 18780K, committed 18944K, reserved 1067008K
  class space    used 1855K, capacity 1955K, committed 2048K, reserved 1048576K

Card table byte_map: [0x00000000119a0000,0x0000000011ba0000] byte_map_base: 0x000000001139e000

Marking Bits: (ParMarkBitMap*) 0x0000000062930600
 Begin Bits: [0x0000000012100000, 0x00000000130f0000)
 End Bits:   [0x00000000130f0000, 0x00000000140e0000)

Polling page: 0x0000000000610000

CodeCache: size=245760Kb used=6133Kb max_used=6133Kb free=239626Kb
 bounds [0x00000000025e0000, 0x0000000002bf0000, 0x00000000115e0000]
 total_blobs=1949 nmethods=1563 adapters=306
 compilation: enabled

Compilation events (10 events):
Event: 24.172 Thread 0x0000000014cd2000 nmethod 1636 0x0000000002bdb710 code [0x0000000002bdb880, 0x0000000002bdbae8]
Event: 24.177 Thread 0x0000000014cd2000 1637       3       javassist.bytecode.AttributeInfo::read (477 bytes)
Event: 24.181 Thread 0x0000000014cd2000 nmethod 1637 0x0000000002bdbb90 code [0x0000000002bdc100, 0x0000000002bdef48]
Event: 24.181 Thread 0x0000000014cd2000 1638       3       java.io.DataOutputStream::incCount (20 bytes)
Event: 24.181 Thread 0x0000000014cd2000 nmethod 1638 0x0000000002be02d0 code [0x0000000002be0420, 0x0000000002be05b0]
Event: 24.181 Thread 0x0000000014cd2000 1639       3       java.security.Permission::<init> (10 bytes)
Event: 24.181 Thread 0x0000000014cd2000 nmethod 1639 0x0000000002be0610 code [0x0000000002be0760, 0x0000000002be0930]
Event: 24.200 Thread 0x0000000014cd2000 1644       3       javassist.bytecode.AttributeInfo::<init> (42 bytes)
Event: 24.201 Thread 0x0000000014cd2000 nmethod 1644 0x0000000002be09d0 code [0x0000000002be0b60, 0x0000000002be1098]
Event: 24.227 Thread 0x0000000014cd2000 1646       3       java.io.DataOutputStream::writeUTF (435 bytes)

GC Heap History (10 events):
Event: 5.316 GC heap before
{Heap before GC invocations=2 (full 0):
 PSYoungGen      total 18944K, used 18922K [0x00000000eac00000, 0x00000000ec100000, 0x0000000100000000)
  eden space 16384K, 100% used [0x00000000eac00000,0x00000000ebc00000,0x00000000ebc00000)
  from space 2560K, 99% used [0x00000000ebc00000,0x00000000ebe7a808,0x00000000ebe80000)
  to   space 2560K, 0% used [0x00000000ebe80000,0x00000000ebe80000,0x00000000ec100000)
 ParOldGen       total 44032K, used 229K [0x00000000c0400000, 0x00000000c2f00000, 0x00000000eac00000)
  object space 44032K, 0% used [0x00000000c0400000,0x00000000c0439650,0x00000000c2f00000)
 Metaspace       used 9999K, capacity 10212K, committed 10496K, reserved 1058816K
  class space    used 1098K, capacity 1170K, committed 1280K, reserved 1048576K
Event: 5.324 GC heap after
Heap after GC invocations=2 (full 0):
 PSYoungGen      total 18944K, used 2559K [0x00000000eac00000, 0x00000000ec100000, 0x0000000100000000)
  eden space 16384K, 0% used [0x00000000eac00000,0x00000000eac00000,0x00000000ebc00000)
  from space 2560K, 99% used [0x00000000ebe80000,0x00000000ec0fffc8,0x00000000ec100000)
  to   space 2560K, 0% used [0x00000000ebc00000,0x00000000ebc00000,0x00000000ebe80000)
 ParOldGen       total 44032K, used 1747K [0x00000000c0400000, 0x00000000c2f00000, 0x00000000eac00000)
  object space 44032K, 3% used [0x00000000c0400000,0x00000000c05b4f78,0x00000000c2f00000)
 Metaspace       used 9999K, capacity 10212K, committed 10496K, reserved 1058816K
  class space    used 1098K, capacity 1170K, committed 1280K, reserved 1048576K
}
Event: 6.103 GC heap before
{Heap before GC invocations=3 (full 0):
 PSYoungGen      total 18944K, used 18943K [0x00000000eac00000, 0x00000000ec100000, 0x0000000100000000)
  eden space 16384K, 100% used [0x00000000eac00000,0x00000000ebc00000,0x00000000ebc00000)
  from space 2560K, 99% used [0x00000000ebe80000,0x00000000ec0fffc8,0x00000000ec100000)
  to   space 2560K, 0% used [0x00000000ebc00000,0x00000000ebc00000,0x00000000ebe80000)
 ParOldGen       total 44032K, used 1747K [0x00000000c0400000, 0x00000000c2f00000, 0x00000000eac00000)
  object space 44032K, 3% used [0x00000000c0400000,0x00000000c05b4f78,0x00000000c2f00000)
 Metaspace       used 11718K, capacity 11978K, committed 12160K, reserved 1060864K
  class space    used 1246K, capacity 1331K, committed 1408K, reserved 1048576K
Event: 6.111 GC heap after
Heap after GC invocations=3 (full 0):
 PSYoungGen      total 18944K, used 2554K [0x00000000eac00000, 0x00000000ec100000, 0x0000000100000000)
  eden space 16384K, 0% used [0x00000000eac00000,0x00000000eac00000,0x00000000ebc00000)
  from space 2560K, 99% used [0x00000000ebc00000,0x00000000ebe7eab0,0x00000000ebe80000)
  to   space 2560K, 0% used [0x00000000ebe80000,0x00000000ebe80000,0x00000000ec100000)
 ParOldGen       total 44032K, used 4704K [0x00000000c0400000, 0x00000000c2f00000, 0x00000000eac00000)
  object space 44032K, 10% used [0x00000000c0400000,0x00000000c0898130,0x00000000c2f00000)
 Metaspace       used 11718K, capacity 11978K, committed 12160K, reserved 1060864K
  class space    used 1246K, capacity 1331K, committed 1408K, reserved 1048576K
}
Event: 6.538 GC heap before
{Heap before GC invocations=4 (full 0):
 PSYoungGen      total 18944K, used 18938K [0x00000000eac00000, 0x00000000ec100000, 0x0000000100000000)
  eden space 16384K, 100% used [0x00000000eac00000,0x00000000ebc00000,0x00000000ebc00000)
  from space 2560K, 99% used [0x00000000ebc00000,0x00000000ebe7eab0,0x00000000ebe80000)
  to   space 2560K, 0% used [0x00000000ebe80000,0x00000000ebe80000,0x00000000ec100000)
 ParOldGen       total 44032K, used 4704K [0x00000000c0400000, 0x00000000c2f00000, 0x00000000eac00000)
  object space 44032K, 10% used [0x00000000c0400000,0x00000000c0898130,0x00000000c2f00000)
 Metaspace       used 14079K, capacity 14282K, committed 14592K, reserved 1062912K
  class space    used 1391K, capacity 1459K, committed 1536K, reserved 1048576K
Event: 6.544 GC heap after
Heap after GC invocations=4 (full 0):
 PSYoungGen      total 18944K, used 2541K [0x00000000eac00000, 0x00000000ec100000, 0x0000000100000000)
  eden space 16384K, 0% used [0x00000000eac00000,0x00000000eac00000,0x00000000ebc00000)
  from space 2560K, 99% used [0x00000000ebe80000,0x00000000ec0fb5d8,0x00000000ec100000)
  to   space 2560K, 0% used [0x00000000ebc00000,0x00000000ebc00000,0x00000000ebe80000)
 ParOldGen       total 44032K, used 7020K [0x00000000c0400000, 0x00000000c2f00000, 0x00000000eac00000)
  object space 44032K, 15% used [0x00000000c0400000,0x00000000c0adb1a0,0x00000000c2f00000)
 Metaspace       used 14079K, capacity 14282K, committed 14592K, reserved 1062912K
  class space    used 1391K, capacity 1459K, committed 1536K, reserved 1048576K
}
Event: 21.424 GC heap before
{Heap before GC invocations=5 (full 0):
 PSYoungGen      total 18944K, used 18922K [0x00000000eac00000, 0x00000000ec100000, 0x0000000100000000)
  eden space 16384K, 99% used [0x00000000eac00000,0x00000000ebbff480,0x00000000ebc00000)
  from space 2560K, 99% used [0x00000000ebe80000,0x00000000ec0fb5d8,0x00000000ec100000)
  to   space 2560K, 0% used [0x00000000ebc00000,0x00000000ebc00000,0x00000000ebe80000)
 ParOldGen       total 44032K, used 7020K [0x00000000c0400000, 0x00000000c2f00000, 0x00000000eac00000)
  object space 44032K, 15% used [0x00000000c0400000,0x00000000c0adb1a0,0x00000000c2f00000)
 Metaspace       used 16484K, capacity 16748K, committed 16896K, reserved 1064960K
  class space    used 1651K, capacity 1727K, committed 1792K, reserved 1048576K
Event: 21.439 GC heap after
Heap after GC invocations=5 (full 0):
 PSYoungGen      total 18944K, used 2541K [0x00000000eac00000, 0x00000000ec100000, 0x0000000100000000)
  eden space 16384K, 0% used [0x00000000eac00000,0x00000000eac00000,0x00000000ebc00000)
  from space 2560K, 99% used [0x00000000ebc00000,0x00000000ebe7b5d8,0x00000000ebe80000)
  to   space 2560K, 0% used [0x00000000ebe80000,0x00000000ebe80000,0x00000000ec100000)
 ParOldGen       total 44032K, used 8913K [0x00000000c0400000, 0x00000000c2f00000, 0x00000000eac00000)
  object space 44032K, 20% used [0x00000000c0400000,0x00000000c0cb4578,0x00000000c2f00000)
 Metaspace       used 16484K, capacity 16748K, committed 16896K, reserved 1064960K
  class space    used 1651K, capacity 1727K, committed 1792K, reserved 1048576K
}
Event: 23.629 GC heap before
{Heap before GC invocations=6 (full 0):
 PSYoungGen      total 18944K, used 18925K [0x00000000eac00000, 0x00000000ec100000, 0x0000000100000000)
  eden space 16384K, 99% used [0x00000000eac00000,0x00000000ebbfffe0,0x00000000ebc00000)
  from space 2560K, 99% used [0x00000000ebc00000,0x00000000ebe7b5d8,0x00000000ebe80000)
  to   space 2560K, 0% used [0x00000000ebe80000,0x00000000ebe80000,0x00000000ec100000)
 ParOldGen       total 44032K, used 8913K [0x00000000c0400000, 0x00000000c2f00000, 0x00000000eac00000)
  object space 44032K, 20% used [0x00000000c0400000,0x00000000c0cb4578,0x00000000c2f00000)
 Metaspace       used 17773K, capacity 17974K, committed 18304K, reserved 1064960K
  class space    used 1791K, capacity 1857K, committed 1920K, reserved 1048576K
Event: 23.635 GC heap after
Heap after GC invocations=6 (full 0):
 PSYoungGen      total 15360K, used 2528K [0x00000000eac00000, 0x00000000ec800000, 0x0000000100000000)
  eden space 12800K, 0% used [0x00000000eac00000,0x00000000eac00000,0x00000000eb880000)
  from space 2560K, 98% used [0x00000000ebe80000,0x00000000ec0f8020,0x00000000ec100000)
  to   space 6144K, 0% used [0x00000000eb880000,0x00000000eb880000,0x00000000ebe80000)
 ParOldGen       total 44032K, used 10914K [0x00000000c0400000, 0x00000000c2f00000, 0x00000000eac00000)
  object space 44032K, 24% used [0x00000000c0400000,0x00000000c0ea8b58,0x00000000c2f00000)
 Metaspace       used 17773K, capacity 17974K, committed 18304K, reserved 1064960K
  class space    used 1791K, capacity 1857K, committed 1920K, reserved 1048576K
}

Deoptimization events (10 events):
Event: 23.279 Thread 0x000000001839d000 Uncommon trap: reason=unstable_if action=reinterpret pc=0x0000000002956534 method=java.lang.ThreadLocal$ThreadLocalMap.getEntry(Ljava/lang/ThreadLocal;)Ljava/lang/ThreadLocal$ThreadLocalMap$Entry; @ 29
Event: 23.322 Thread 0x000000001839d000 Uncommon trap: reason=bimorphic action=maybe_recompile pc=0x00000000029943dc method=java.util.Properties$LineReader.readLine()I @ 62
Event: 23.323 Thread 0x000000001839d000 Uncommon trap: reason=class_check action=maybe_recompile pc=0x0000000002994410 method=java.util.Properties$LineReader.readLine()I @ 410
Event: 23.323 Thread 0x000000001839d000 Uncommon trap: reason=bimorphic action=maybe_recompile pc=0x00000000029943dc method=java.util.Properties$LineReader.readLine()I @ 62
Event: 23.647 Thread 0x000000001839d000 Uncommon trap: reason=bimorphic action=maybe_recompile pc=0x000000000294b3d8 method=java.util.HashMap.putVal(ILjava/lang/Object;Ljava/lang/Object;ZZ)Ljava/lang/Object; @ 91
Event: 23.648 Thread 0x000000001839d000 Uncommon trap: reason=bimorphic action=maybe_recompile pc=0x00000000029aa584 method=java.util.Hashtable.put(Ljava/lang/Object;Ljava/lang/Object;)Ljava/lang/Object; @ 18
Event: 23.650 Thread 0x000000001839d000 Uncommon trap: reason=bimorphic action=maybe_recompile pc=0x00000000029aa584 method=java.util.Hashtable.put(Ljava/lang/Object;Ljava/lang/Object;)Ljava/lang/Object; @ 18
Event: 23.727 Thread 0x000000001839d000 Uncommon trap: reason=bimorphic action=maybe_recompile pc=0x00000000029aa584 method=java.util.Hashtable.put(Ljava/lang/Object;Ljava/lang/Object;)Ljava/lang/Object; @ 18
Event: 23.881 Thread 0x000000001839d000 Uncommon trap: reason=unstable_if action=reinterpret pc=0x0000000002a4578c method=org.eclipse.jdt.core.compiler.CharOperation.hashCode([C)I @ 4
Event: 23.976 Thread 0x000000001839d000 Uncommon trap: reason=unstable_if action=reinterpret pc=0x00000000028ae150 method=java.util.HashMap.getNode(ILjava/lang/Object;)Ljava/util/HashMap$Node; @ 62

Internal exceptions (10 events):
Event: 5.178 Thread 0x00000000024e4000 Exception <a 'java/lang/NoSuchFieldError': method resolution failed> (0x00000000eb9ec2d0) thrown at [D:\re\puppet\workspace\8-2-build-windows-amd64-cygwin\jdk8u73\6086\hotspot\src\share\vm\prims\methodHandles.cpp, line 1146]
Event: 6.304 Thread 0x00000000024e4000 Exception <a 'java/lang/ArrayIndexOutOfBoundsException': 3293> (0x00000000eb2c7080) thrown at [D:\re\puppet\workspace\8-2-build-windows-amd64-cygwin\jdk8u73\6086\hotspot\src\share\vm\interpreter\interpreterRuntime.cpp, line 366]
Event: 23.102 Thread 0x0000000018290000 Implicit null exception at 0x00000000029542c4 to 0x0000000002954e55
Event: 23.357 Thread 0x000000001839d000 Exception <a 'java/lang/ArrayIndexOutOfBoundsException'> (0x00000000eb426e08) thrown at [D:\re\puppet\workspace\8-2-build-windows-amd64-cygwin\jdk8u73\6086\hotspot\src\share\vm\runtime\sharedRuntime.cpp, line 605]
Event: 23.358 Thread 0x000000001839d000 Exception <a 'java/lang/ArrayIndexOutOfBoundsException'> (0x00000000eb42ce40) thrown at [D:\re\puppet\workspace\8-2-build-windows-amd64-cygwin\jdk8u73\6086\hotspot\src\share\vm\runtime\sharedRuntime.cpp, line 605]
Event: 23.362 Thread 0x000000001839d000 Exception <a 'java/lang/ArrayIndexOutOfBoundsException'> (0x00000000eb45a580) thrown at [D:\re\puppet\workspace\8-2-build-windows-amd64-cygwin\jdk8u73\6086\hotspot\src\share\vm\runtime\sharedRuntime.cpp, line 605]
Event: 23.366 Thread 0x000000001839d000 Exception <a 'java/lang/ArrayIndexOutOfBoundsException'> (0x00000000eb46f700) thrown at [D:\re\puppet\workspace\8-2-build-windows-amd64-cygwin\jdk8u73\6086\hotspot\src\share\vm\runtime\sharedRuntime.cpp, line 605]
Event: 23.370 Thread 0x000000001839d000 Exception <a 'java/lang/ArrayIndexOutOfBoundsException'> (0x00000000eb48bda0) thrown at [D:\re\puppet\workspace\8-2-build-windows-amd64-cygwin\jdk8u73\6086\hotspot\src\share\vm\runtime\sharedRuntime.cpp, line 605]
Event: 23.374 Thread 0x000000001839d000 Exception <a 'java/lang/ArrayIndexOutOfBoundsException'> (0x00000000eb4951c0) thrown at [D:\re\puppet\workspace\8-2-build-windows-amd64-cygwin\jdk8u73\6086\hotspot\src\share\vm\runtime\sharedRuntime.cpp, line 605]
Event: 23.375 Thread 0x000000001839d000 Exception <a 'java/lang/ArrayIndexOutOfBoundsException'> (0x00000000eb49cb30) thrown at [D:\re\puppet\workspace\8-2-build-windows-amd64-cygwin\jdk8u73\6086\hotspot\src\share\vm\runtime\sharedRuntime.cpp, line 605]

Events (10 events):
Event: 24.223 Thread 0x000000001839d000 DEOPT PACKING pc=0x0000000002787654 sp=0x000000001b5dd210
Event: 24.223 Thread 0x000000001839d000 DEOPT UNPACKING pc=0x000000000262787f sp=0x000000001b5dd030 mode 1
Event: 24.225 loading class javassist/expr/NewExpr
Event: 24.225 loading class javassist/expr/NewExpr done
Event: 24.225 Thread 0x000000001839d000 DEOPT PACKING pc=0x00000000028271c1 sp=0x000000001b5dd880
Event: 24.225 Thread 0x000000001839d000 DEOPT UNPACKING pc=0x000000000262787f sp=0x000000001b5dd5d0 mode 1
Event: 24.225 Thread 0x000000001839d000 DEOPT PACKING pc=0x00000000027878bc sp=0x000000001b5dd900
Event: 24.225 Thread 0x000000001839d000 DEOPT UNPACKING pc=0x000000000262787f sp=0x000000001b5dd720 mode 1
Event: 24.225 Thread 0x000000001839d000 DEOPT PACKING pc=0x0000000002787654 sp=0x000000001b5dda90
Event: 24.225 Thread 0x000000001839d000 DEOPT UNPACKING pc=0x000000000262787f sp=0x000000001b5dd8b0 mode 1


Dynamic libraries:
0x00007ff638090000 - 0x00007ff6380c7000 	C:\java\jdk1.8.0_73\bin\java.exe
0x00007ffeee790000 - 0x00007ffeee961000 	C:\WINDOWS\SYSTEM32\ntdll.dll
0x00007ffeedb80000 - 0x00007ffeedc2b000 	C:\WINDOWS\System32\KERNEL32.DLL
0x00007ffeeb2f0000 - 0x00007ffeeb50d000 	C:\WINDOWS\System32\KERNELBASE.dll
0x00007ffeed340000 - 0x00007ffeed3e2000 	C:\WINDOWS\System32\ADVAPI32.dll
0x00007ffeedde0000 - 0x00007ffeede7e000 	C:\WINDOWS\System32\msvcrt.dll
0x00007ffeedab0000 - 0x00007ffeedb09000 	C:\WINDOWS\System32\sechost.dll
0x00007ffeedc40000 - 0x00007ffeedd61000 	C:\WINDOWS\System32\RPCRT4.dll
0x00007ffeed510000 - 0x00007ffeed675000 	C:\WINDOWS\System32\USER32.dll
0x00007ffeeb0a0000 - 0x00007ffeeb0be000 	C:\WINDOWS\System32\win32u.dll
0x00007ffeee050000 - 0x00007ffeee084000 	C:\WINDOWS\System32\GDI32.dll
0x00007ffeeaf10000 - 0x00007ffeeb092000 	C:\WINDOWS\System32\gdi32full.dll
0x00007ffee5f10000 - 0x00007ffee6189000 	C:\WINDOWS\WinSxS\amd64_microsoft.windows.common-controls_6595b64144ccf1df_6.0.14393.447_none_42191651c6827bb3\COMCTL32.dll
0x00007ffeee0b0000 - 0x00007ffeee378000 	C:\WINDOWS\System32\combase.dll
0x00007ffeeae10000 - 0x00007ffeeaf05000 	C:\WINDOWS\System32\ucrtbase.dll
0x00007ffeebc90000 - 0x00007ffeebcfa000 	C:\WINDOWS\System32\bcryptPrimitives.dll
0x00007ffeebe00000 - 0x00007ffeebe2e000 	C:\WINDOWS\System32\IMM32.DLL
0x0000000062040000 - 0x0000000062112000 	C:\java\jdk1.8.0_73\jre\bin\msvcr100.dll
0x0000000062120000 - 0x00000000629b0000 	C:\java\jdk1.8.0_73\jre\bin\server\jvm.dll
0x00007ffeee780000 - 0x00007ffeee788000 	C:\WINDOWS\System32\PSAPI.DLL
0x00007ffee30f0000 - 0x00007ffee30f9000 	C:\WINDOWS\SYSTEM32\WSOCK32.dll
0x00007ffee84e0000 - 0x00007ffee8503000 	C:\WINDOWS\SYSTEM32\WINMM.dll
0x00007ffee6fa0000 - 0x00007ffee6faa000 	C:\WINDOWS\SYSTEM32\VERSION.dll
0x00007ffeedd70000 - 0x00007ffeeddda000 	C:\WINDOWS\System32\WS2_32.dll
0x00000000021b0000 - 0x00000000021db000 	C:\WINDOWS\SYSTEM32\WINMMBASE.dll
0x00007ffeeadc0000 - 0x00007ffeeae02000 	C:\WINDOWS\System32\cfgmgr32.dll
0x0000000063140000 - 0x000000006314f000 	C:\java\jdk1.8.0_73\jre\bin\verify.dll
0x0000000063110000 - 0x0000000063139000 	C:\java\jdk1.8.0_73\jre\bin\java.dll
0x0000000062000000 - 0x0000000062035000 	C:\java\jdk1.8.0_73\jre\bin\jdwp.dll
0x0000000061fd0000 - 0x0000000061ff3000 	C:\java\jdk1.8.0_73\jre\bin\instrument.dll
0x0000000062da0000 - 0x0000000062da8000 	C:\java\jdk1.8.0_73\jre\bin\npt.dll
0x00000000630f0000 - 0x0000000063106000 	C:\java\jdk1.8.0_73\jre\bin\zip.dll
0x00007ffeebe30000 - 0x00007ffeed339000 	C:\WINDOWS\System32\SHELL32.dll
0x00007ffeeb510000 - 0x00007ffeebbea000 	C:\WINDOWS\System32\windows.storage.dll
0x00007ffeeac00000 - 0x00007ffeeac4c000 	C:\WINDOWS\System32\powrprof.dll
0x00007ffeed3f0000 - 0x00007ffeed442000 	C:\WINDOWS\System32\shlwapi.dll
0x00007ffeeabf0000 - 0x00007ffeeabff000 	C:\WINDOWS\System32\kernel.appcore.dll
0x00007ffeeac60000 - 0x00007ffeead09000 	C:\WINDOWS\System32\shcore.dll
0x00007ffeeabd0000 - 0x00007ffeeabe4000 	C:\WINDOWS\System32\profapi.dll
0x0000000062d90000 - 0x0000000062d99000 	C:\java\jdk1.8.0_73\jre\bin\dt_socket.dll
0x00007ffeea3d0000 - 0x00007ffeea42c000 	C:\WINDOWS\system32\mswsock.dll
0x00000000630d0000 - 0x00000000630ea000 	C:\java\jdk1.8.0_73\jre\bin\net.dll
0x00007ffee73a0000 - 0x00007ffee73b6000 	C:\WINDOWS\system32\napinsp.dll
0x00007ffee7440000 - 0x00007ffee745a000 	C:\WINDOWS\system32\pnrpnsp.dll
0x00007ffee6da0000 - 0x00007ffee6db8000 	C:\WINDOWS\system32\NLAapi.dll
0x00007ffeea1b0000 - 0x00007ffeea250000 	C:\WINDOWS\SYSTEM32\DNSAPI.dll
0x00007ffeedb10000 - 0x00007ffeedb18000 	C:\WINDOWS\System32\NSI.dll
0x00007ffeea160000 - 0x00007ffeea198000 	C:\WINDOWS\SYSTEM32\IPHLPAPI.DLL
0x00007ffee78f0000 - 0x00007ffee78fe000 	C:\WINDOWS\System32\winrnr.dll
0x00007ffee79c0000 - 0x00007ffee79d5000 	C:\WINDOWS\System32\wshbth.dll
0x00007ffedfae0000 - 0x00007ffedfaea000 	C:\Windows\System32\rasadhlp.dll
0x00007ffee1040000 - 0x00007ffee10aa000 	C:\WINDOWS\System32\fwpuclnt.dll
0x00007ffeeab10000 - 0x00007ffeeab3b000 	C:\WINDOWS\SYSTEM32\bcrypt.dll
0x00000000630b0000 - 0x00000000630c1000 	C:\java\jdk1.8.0_73\jre\bin\nio.dll
0x00007ffeea640000 - 0x00007ffeea657000 	C:\WINDOWS\SYSTEM32\CRYPTSP.dll
0x00007ffeea550000 - 0x00007ffeea583000 	C:\WINDOWS\system32\rsaenh.dll
0x00007ffeea250000 - 0x00007ffeea26f000 	C:\WINDOWS\SYSTEM32\USERENV.dll
0x00007ffeea660000 - 0x00007ffeea66b000 	C:\WINDOWS\SYSTEM32\CRYPTBASE.dll

VM Arguments:
jvm_args: -javaagent:C:\Users\SouleymanePro\play-1.4.2\play-1.4.2\framework/play-1.4.2.jar -Xverify:none -Dfile.encoding=utf-8 -Xdebug -Xrunjdwp:transport=dt_socket,address=8000,server=y,suspend=n -Dplay.debug=yes -Dapplication.path=C:\Workspace\deezToSpot\deezToSpot -Dplay.id= 
java_command: play.server.Server 
java_class_path (initial): C:\Workspace\deezToSpot\deezToSpot\conf;C:\Users\SouleymanePro\play-1.4.2\play-1.4.2\framework\play-1.4.2.jar;C:\Users\SouleymanePro\play-1.4.2\play-1.4.2\modules\docviewer\lib\play-docviewer.jar;C:\Users\SouleymanePro\play-1.4.2\play-1.4.2\framework\lib\activation-1.1.1.jar;C:\Users\SouleymanePro\play-1.4.2\play-1.4.2\framework\lib\antlr-2.7.7.jar;C:\Users\SouleymanePro\play-1.4.2\play-1.4.2\framework\lib\asm-all-5.0.4.jar;C:\Users\SouleymanePro\play-1.4.2\play-1.4.2\framework\lib\async-http-client-1.9.31.jar;C:\Users\SouleymanePro\play-1.4.2\play-1.4.2\framework\lib\bcprov-jdk15-1.45.jar;C:\Users\SouleymanePro\play-1.4.2\play-1.4.2\framework\lib\c3p0-0.9.5.jar;C:\Users\SouleymanePro\play-1.4.2\play-1.4.2\framework\lib\c3p0-oracle-thin-extras-0.9.5.jar;C:\Users\SouleymanePro\play-1.4.2\play-1.4.2\framework\lib\cglib-3.2.1.jar;C:\Users\SouleymanePro\play-1.4.2\play-1.4.2\framework\lib\commons-beanutils-1.9.2.jar;C:\Users\SouleymanePro\play-1.4.2\play-1.4.2\framework\lib\commons-codec-1.10.jar;C:\Users\SouleymanePro\play-1.4.2\play-1.4.2\framework\lib\commons-collections-3.2.2.jar;C:\Users\SouleymanePro\play-1.4.2\play-1.4.2\framework\lib\commons-email-1.4.jar;C:\Users\SouleymanePro\play-1.4.2\play-1.4.2\framework\lib\commons-fileupload-1.3.1.jar;C:\Users\SouleymanePro\play-1.4.2\play-1.4.2\framework\lib\commons-io-2.4.jar;C:\Users\SouleymanePro\play-1.4.2\play-1.4.2\framework\lib\commons-javaflow-1590792.jar;C:\Users\SouleymanePro\play-1.4.2\play-1.4.2\framework\lib\commons-lang-2.6.jar;C:\Users\SouleymanePro\play-1.4.2\play-1.4.2\framework\lib\commons-logging-1.2.jar;C:\Users\SouleymanePro\play-1.4.2\play-1.4.2\framework\lib\dom4j-1.6.1.jar;C:\Users\SouleymanePro\play-1.4.2\play-1.4.2\framework\lib\ehcache-core-2.6.11.jar;C:\Users\SouleymanePro\play-1.4.2\play-1.4.2\framework\lib\ezmorph-1.0.6.jar;C:\Users\SouleymanePro\play-1.4.2\play-1.4.2\framework\lib\geronimo-servlet_2.5_spec-1.2.jar;C:\Users\SouleymanePro\play-1.4.2\play-1.4.2\fra
Launcher Type: SUN_STANDARD

Environment Variables:
JAVA_HOME=C:\java\jdk1.8.0_73
PATH=C:\java\jdk1.8.0_73\bin;%TOMCAT%\bin;C:\Users\SouleymanePro\play-1.4.2\play-1.4.2;C:\ProgramData\Oracle\Java\javapath;C:\Program Files (x86)\NVIDIA Corporation\PhysX\Common;C:\Program Files\Common Files\Microsoft Shared\Windows Live;C:\Program Files (x86)\Common Files\Microsoft Shared\Windows Live;C:\WINDOWS\system32;C:\WINDOWS;C:\WINDOWS\System32\Wbem;C:\WINDOWS\System32\WindowsPowerShell\v1.0\;C:\Program Files (x86)\Sony\VAIO Startup Setting Tool;C:\Program Files (x86)\Windows Live\Shared;C:\Program Files\Git\cmd;C:\Program Files (x86)\Skype\Phone\;C:\Users\SouleymanePro\AppData\Local\Microsoft\WindowsApps;
USERNAME=SouleymanePro
OS=Windows_NT
PROCESSOR_IDENTIFIER=Intel64 Family 6 Model 42 Stepping 7, GenuineIntel



---------------  S Y S T E M  ---------------

OS: Windows 10.0 , 64 bit Build 14393 (10.0.14393.0)

CPU:total 4 (2 cores per cpu, 2 threads per core) family 6 model 42 stepping 7, cmov, cx8, fxsr, mmx, sse, sse2, sse3, ssse3, sse4.1, sse4.2, popcnt, avx, clmul, ht, tsc, tscinvbit

Memory: 4k page, physical 4175724k(395524k free), swap 4175724k(4232k free)

vm_info: Java HotSpot(TM) 64-Bit Server VM (25.73-b02) for windows-amd64 JRE (1.8.0_73-b02), built on Jan 29 2016 17:38:49 by "java_re" with MS VC++ 10.0 (VS2010)

time: Tue Dec 20 19:49:28 2016
elapsed time: 24 seconds (0d 0h 0m 24s)

