#
# There is insufficient memory for the Java Runtime Environment to continue.
# Native memory allocation (malloc) failed to allocate 2705712 bytes for Chunk::new
# Possible reasons:
#   The system is out of physical RAM or swap space
#   In 32 bit mode, the process size limit was hit
# Possible solutions:
#   Reduce memory load on the system
#   Increase physical memory or swap space
#   Check if swap backing store is full
#   Use 64 bit Java on a 64 bit OS
#   Decrease Java heap size (-Xmx/-Xms)
#   Decrease number of Java threads
#   Decrease Java thread stack sizes (-Xss)
#   Set larger code cache with -XX:ReservedCodeCacheSize=
# This output file may be truncated or incomplete.
#
#  Out of Memory Error (allocation.cpp:390), pid=6212, tid=8932
#
# JRE version: Java(TM) SE Runtime Environment (8.0_73-b02) (build 1.8.0_73-b02)
# Java VM: Java HotSpot(TM) 64-Bit Server VM (25.73-b02 mixed mode windows-amd64 compressed oops)
# Failed to write core dump. Minidumps are not enabled by default on client versions of Windows
#

---------------  T H R E A D  ---------------

Current thread (0x00000000156f2000):  JavaThread "C2 CompilerThread1" daemon [_thread_in_native, id=8932, stack(0x0000000017420000,0x0000000017520000)]

Stack: [0x0000000017420000,0x0000000017520000]
[error occurred during error reporting (printing stack bounds), id 0xc0000005]

Native frames: (J=compiled Java code, j=interpreted, Vv=VM code, C=native code)


Current CompileTask:
C2:  12362 2465       4       java.net.URLClassLoader$1::run (5 bytes)


---------------  P R O C E S S  ---------------

Java Threads: ( => current thread )
  0x0000000017b65800 JavaThread "C3P0PooledConnectionPoolManager[identityToken->1hge13p9l87dncs1ivyczt|29260e7]-HelperThread-#2" daemon [_thread_blocked, id=4328, stack(0x000000001dd90000,0x000000001de90000)]
  0x0000000017b6b000 JavaThread "C3P0PooledConnectionPoolManager[identityToken->1hge13p9l87dncs1ivyczt|29260e7]-HelperThread-#1" daemon [_thread_blocked, id=816, stack(0x000000001dc90000,0x000000001dd90000)]
  0x0000000017b65000 JavaThread "C3P0PooledConnectionPoolManager[identityToken->1hge13p9l87dncs1ivyczt|29260e7]-HelperThread-#0" daemon [_thread_blocked, id=960, stack(0x000000001db90000,0x000000001dc90000)]
  0x0000000017b64000 JavaThread "C3P0PooledConnectionPoolManager[identityToken->1hge13p9l87dncs1ivyczt|29260e7]-AdminTaskTimer" daemon [_thread_blocked, id=4452, stack(0x000000001da90000,0x000000001db90000)]
  0x0000000017b69800 JavaThread "Abandoned connection cleanup thread" daemon [_thread_blocked, id=8836, stack(0x000000001c3e0000,0x000000001c4e0000)]
  0x0000000017d6d800 JavaThread "net.sf.ehcache.CacheManager@6801ce4d" daemon [_thread_blocked, id=2228, stack(0x000000001c1e0000,0x000000001c2e0000)]
  0x0000000017d6d000 JavaThread "play-thread-1" [_thread_in_native, id=4692, stack(0x000000001bee0000,0x000000001bfe0000)]
  0x0000000017d70800 JavaThread "DestroyJavaVM" [_thread_blocked, id=4728, stack(0x0000000002c40000,0x0000000002d40000)]
  0x0000000017d6f000 JavaThread "New I/O server boss #18" [_thread_in_native, id=4696, stack(0x000000001bde0000,0x000000001bee0000)]
  0x0000000017d70000 JavaThread "New I/O worker #17" [_thread_in_native, id=5664, stack(0x000000001bce0000,0x000000001bde0000)]
  0x0000000017d71800 JavaThread "New I/O worker #16" [_thread_in_native, id=356, stack(0x000000001bbe0000,0x000000001bce0000)]
  0x0000000017d6e800 JavaThread "New I/O worker #15" [_thread_in_native, id=1716, stack(0x000000001bae0000,0x000000001bbe0000)]
  0x0000000017d6c000 JavaThread "New I/O worker #14" [_thread_in_native, id=8904, stack(0x000000001b9e0000,0x000000001bae0000)]
  0x0000000017d73000 JavaThread "New I/O worker #13" [_thread_in_native, id=2588, stack(0x000000001b8e0000,0x000000001b9e0000)]
  0x0000000017d72000 JavaThread "New I/O worker #12" [_thread_in_native, id=5284, stack(0x000000001b7e0000,0x000000001b8e0000)]
  0x0000000017d6a800 JavaThread "New I/O worker #11" [_thread_in_native, id=5444, stack(0x000000001b5e0000,0x000000001b6e0000)]
  0x0000000017d46000 JavaThread "New I/O worker #10" [_thread_in_native, id=2492, stack(0x000000001b4e0000,0x000000001b5e0000)]
  0x0000000017d44800 JavaThread "New I/O server boss #9" [_thread_in_native, id=8168, stack(0x000000001b3e0000,0x000000001b4e0000)]
  0x0000000017aba000 JavaThread "New I/O worker #8" [_thread_in_native, id=1648, stack(0x000000001b2e0000,0x000000001b3e0000)]
  0x0000000018f3d000 JavaThread "New I/O worker #7" [_thread_in_native, id=1244, stack(0x000000001b1e0000,0x000000001b2e0000)]
  0x0000000018f3c000 JavaThread "New I/O worker #6" [_thread_in_native, id=7308, stack(0x000000001b0e0000,0x000000001b1e0000)]
  0x0000000018f3a800 JavaThread "New I/O worker #5" [_thread_in_native, id=464, stack(0x000000001afe0000,0x000000001b0e0000)]
  0x00000000190c0800 JavaThread "New I/O worker #4" [_thread_in_native, id=8600, stack(0x000000001aee0000,0x000000001afe0000)]
  0x000000001899b800 JavaThread "New I/O worker #3" [_thread_in_native, id=2608, stack(0x000000001ade0000,0x000000001aee0000)]
  0x0000000019618800 JavaThread "New I/O worker #2" [_thread_in_native, id=8176, stack(0x0000000019440000,0x0000000019540000)]
  0x000000001824f800 JavaThread "New I/O worker #1" [_thread_in_native, id=9144, stack(0x0000000018020000,0x0000000018120000)]
  0x00000000156fe000 JavaThread "Service Thread" daemon [_thread_blocked, id=3836, stack(0x0000000017620000,0x0000000017720000)]
  0x00000000156f3800 JavaThread "C1 CompilerThread2" daemon [_thread_blocked, id=8172, stack(0x0000000017520000,0x0000000017620000)]
=>0x00000000156f2000 JavaThread "C2 CompilerThread1" daemon [_thread_in_native, id=8932, stack(0x0000000017420000,0x0000000017520000)]
  0x00000000156f1000 JavaThread "C2 CompilerThread0" daemon [_thread_in_native, id=1744, stack(0x0000000017320000,0x0000000017420000)]
  0x00000000156e2800 JavaThread "JDWP Event Helper Thread" daemon [_thread_blocked, id=4048, stack(0x0000000017220000,0x0000000017320000)]
  0x00000000156d6800 JavaThread "JDWP Transport Listener: dt_socket" daemon [_thread_in_native, id=6720, stack(0x0000000017120000,0x0000000017220000)]
  0x00000000156a2000 JavaThread "Attach Listener" daemon [_thread_blocked, id=5480, stack(0x0000000016c20000,0x0000000016d20000)]
  0x00000000156a0800 JavaThread "Signal Dispatcher" daemon [_thread_blocked, id=6244, stack(0x0000000016b20000,0x0000000016c20000)]
  0x0000000015669000 JavaThread "Finalizer" daemon [_thread_blocked, id=1728, stack(0x0000000016910000,0x0000000016a10000)]
  0x0000000002ff1800 JavaThread "Reference Handler" daemon [_thread_blocked, id=2224, stack(0x0000000016810000,0x0000000016910000)]

Other Threads:
  0x0000000015666000 VMThread [stack: 0x0000000016710000,0x0000000016810000] [id=7060]
  0x0000000016e0c000 WatcherThread [stack: 0x0000000017720000,0x0000000017820000] [id=924]

VM state:not at safepoint (normal execution)

VM Mutex/Monitor currently owned by a thread: None

Heap:
 PSYoungGen      total 38400K, used 30930K [0x00000000eac00000, 0x00000000ee180000, 0x0000000100000000)
  eden space 32256K, 82% used [0x00000000eac00000,0x00000000ec614e68,0x00000000ecb80000)
  from space 6144K, 68% used [0x00000000ecb80000,0x00000000ecf9fa70,0x00000000ed180000)
  to   space 6144K, 0% used [0x00000000edb80000,0x00000000edb80000,0x00000000ee180000)
 ParOldGen       total 35328K, used 9075K [0x00000000c0400000, 0x00000000c2680000, 0x00000000eac00000)
  object space 35328K, 25% used [0x00000000c0400000,0x00000000c0cdcdd0,0x00000000c2680000)
 Metaspace       used 32196K, capacity 32464K, committed 32768K, reserved 1079296K
  class space    used 3364K, capacity 3465K, committed 3584K, reserved 1048576K

Card table byte_map: [0x00000000123c0000,0x00000000125c0000] byte_map_base: 0x0000000011dbe000

Marking Bits: (ParMarkBitMap*) 0x0000000062930600
 Begin Bits: [0x0000000012b20000, 0x0000000013b10000)
 End Bits:   [0x0000000013b10000, 0x0000000014b00000)

Polling page: 0x0000000001070000

CodeCache: size=245760Kb used=8884Kb max_used=8884Kb free=236875Kb
 bounds [0x0000000003000000, 0x00000000038c0000, 0x0000000012000000]
 total_blobs=2844 nmethods=2306 adapters=458
 compilation: enabled

Compilation events (10 events):
Event: 12.023 Thread 0x00000000156f3800 2507       3       java.lang.CharacterDataLatin1::isOtherLowercase (18 bytes)
Event: 12.023 Thread 0x00000000156f3800 nmethod 2507 0x00000000038b2090 code [0x00000000038b2200, 0x00000000038b2450]
Event: 12.201 Thread 0x00000000156f3800 2509       3       jregex.Matcher::<init> (177 bytes)
Event: 12.203 Thread 0x00000000156f3800 nmethod 2509 0x00000000038b2590 code [0x00000000038b27a0, 0x00000000038b35a8]
Event: 12.203 Thread 0x00000000156f3800 2510       3       jregex.Matcher::setTarget (11 bytes)
Event: 12.203 Thread 0x00000000156f3800 nmethod 2510 0x00000000038b3d10 code [0x00000000038b3e80, 0x00000000038b4128]
Event: 12.218 Thread 0x00000000156f3800 2511       3       jregex.Pattern::matcher (16 bytes)
Event: 12.218 Thread 0x00000000156f3800 nmethod 2511 0x00000000038b4450 code [0x00000000038b45e0, 0x00000000038b4998]
Event: 12.305 Thread 0x00000000156f3800 2512       1       sun.util.locale.BaseLocale::getVariant (5 bytes)
Event: 12.305 Thread 0x00000000156f3800 nmethod 2512 0x00000000038b5710 code [0x00000000038b5860, 0x00000000038b5970]

GC Heap History (10 events):
Event: 8.047 GC heap before
{Heap before GC invocations=8 (full 0):
 PSYoungGen      total 22528K, used 20650K [0x00000000eac00000, 0x00000000ed800000, 0x0000000100000000)
  eden space 16384K, 100% used [0x00000000eac00000,0x00000000ebc00000,0x00000000ebc00000)
  from space 6144K, 69% used [0x00000000ebc00000,0x00000000ec02a808,0x00000000ec200000)
  to   space 6144K, 0% used [0x00000000ed200000,0x00000000ed200000,0x00000000ed800000)
 ParOldGen       total 44032K, used 9686K [0x00000000c0400000, 0x00000000c2f00000, 0x00000000eac00000)
  object space 44032K, 21% used [0x00000000c0400000,0x00000000c0d759b8,0x00000000c2f00000)
 Metaspace       used 19495K, capacity 19748K, committed 19968K, reserved 1067008K
  class space    used 1932K, capacity 2023K, committed 2048K, reserved 1048576K
Event: 8.053 GC heap after
Heap after GC invocations=8 (full 0):
 PSYoungGen      total 38912K, used 2940K [0x00000000eac00000, 0x00000000ed800000, 0x0000000100000000)
  eden space 32768K, 0% used [0x00000000eac00000,0x00000000eac00000,0x00000000ecc00000)
  from space 6144K, 47% used [0x00000000ed200000,0x00000000ed4df038,0x00000000ed800000)
  to   space 6144K, 0% used [0x00000000ecc00000,0x00000000ecc00000,0x00000000ed200000)
 ParOldGen       total 44032K, used 10906K [0x00000000c0400000, 0x00000000c2f00000, 0x00000000eac00000)
  object space 44032K, 24% used [0x00000000c0400000,0x00000000c0ea6938,0x00000000c2f00000)
 Metaspace       used 19495K, capacity 19748K, committed 19968K, reserved 1067008K
  class space    used 1932K, capacity 2023K, committed 2048K, reserved 1048576K
}
Event: 8.564 GC heap before
{Heap before GC invocations=9 (full 0):
 PSYoungGen      total 38912K, used 12543K [0x00000000eac00000, 0x00000000ed800000, 0x0000000100000000)
  eden space 32768K, 29% used [0x00000000eac00000,0x00000000eb560df0,0x00000000ecc00000)
  from space 6144K, 47% used [0x00000000ed200000,0x00000000ed4df038,0x00000000ed800000)
  to   space 6144K, 0% used [0x00000000ecc00000,0x00000000ecc00000,0x00000000ed200000)
 ParOldGen       total 44032K, used 10906K [0x00000000c0400000, 0x00000000c2f00000, 0x00000000eac00000)
  object space 44032K, 24% used [0x00000000c0400000,0x00000000c0ea6938,0x00000000c2f00000)
 Metaspace       used 20875K, capacity 21156K, committed 21296K, reserved 1069056K
  class space    used 2074K, capacity 2151K, committed 2176K, reserved 1048576K
Event: 8.567 GC heap after
Heap after GC invocations=9 (full 0):
 PSYoungGen      total 33792K, used 1664K [0x00000000eac00000, 0x00000000ed800000, 0x0000000100000000)
  eden space 31744K, 0% used [0x00000000eac00000,0x00000000eac00000,0x00000000ecb00000)
  from space 2048K, 81% used [0x00000000ecc00000,0x00000000ecda0088,0x00000000ece00000)
  to   space 6656K, 0% used [0x00000000ed180000,0x00000000ed180000,0x00000000ed800000)
 ParOldGen       total 44032K, used 12092K [0x00000000c0400000, 0x00000000c2f00000, 0x00000000eac00000)
  object space 44032K, 27% used [0x00000000c0400000,0x00000000c0fcf050,0x00000000c2f00000)
 Metaspace       used 20875K, capacity 21156K, committed 21296K, reserved 1069056K
  class space    used 2074K, capacity 2151K, committed 2176K, reserved 1048576K
}
Event: 8.567 GC heap before
{Heap before GC invocations=10 (full 1):
 PSYoungGen      total 33792K, used 1664K [0x00000000eac00000, 0x00000000ed800000, 0x0000000100000000)
  eden space 31744K, 0% used [0x00000000eac00000,0x00000000eac00000,0x00000000ecb00000)
  from space 2048K, 81% used [0x00000000ecc00000,0x00000000ecda0088,0x00000000ece00000)
  to   space 6656K, 0% used [0x00000000ed180000,0x00000000ed180000,0x00000000ed800000)
 ParOldGen       total 44032K, used 12092K [0x00000000c0400000, 0x00000000c2f00000, 0x00000000eac00000)
  object space 44032K, 27% used [0x00000000c0400000,0x00000000c0fcf050,0x00000000c2f00000)
 Metaspace       used 20875K, capacity 21156K, committed 21296K, reserved 1069056K
  class space    used 2074K, capacity 2151K, committed 2176K, reserved 1048576K
Event: 8.628 GC heap after
Heap after GC invocations=10 (full 1):
 PSYoungGen      total 33792K, used 0K [0x00000000eac00000, 0x00000000ed800000, 0x0000000100000000)
  eden space 31744K, 0% used [0x00000000eac00000,0x00000000eac00000,0x00000000ecb00000)
  from space 2048K, 0% used [0x00000000ecc00000,0x00000000ecc00000,0x00000000ece00000)
  to   space 6656K, 0% used [0x00000000ed180000,0x00000000ed180000,0x00000000ed800000)
 ParOldGen       total 35328K, used 7685K [0x00000000c0400000, 0x00000000c2680000, 0x00000000eac00000)
  object space 35328K, 21% used [0x00000000c0400000,0x00000000c0b817e8,0x00000000c2680000)
 Metaspace       used 20875K, capacity 21156K, committed 21296K, reserved 1069056K
  class space    used 2074K, capacity 2151K, committed 2176K, reserved 1048576K
}
Event: 9.905 GC heap before
{Heap before GC invocations=11 (full 1):
 PSYoungGen      total 33792K, used 31744K [0x00000000eac00000, 0x00000000ed800000, 0x0000000100000000)
  eden space 31744K, 100% used [0x00000000eac00000,0x00000000ecb00000,0x00000000ecb00000)
  from space 2048K, 0% used [0x00000000ecc00000,0x00000000ecc00000,0x00000000ece00000)
  to   space 6656K, 0% used [0x00000000ed180000,0x00000000ed180000,0x00000000ed800000)
 ParOldGen       total 35328K, used 7685K [0x00000000c0400000, 0x00000000c2680000, 0x00000000eac00000)
  object space 35328K, 21% used [0x00000000c0400000,0x00000000c0b817e8,0x00000000c2680000)
 Metaspace       used 24883K, capacity 25188K, committed 25472K, reserved 1073152K
  class space    used 2479K, capacity 2599K, committed 2688K, reserved 1048576K
Event: 9.916 GC heap after
Heap after GC invocations=11 (full 1):
 PSYoungGen      total 38912K, used 3520K [0x00000000eac00000, 0x00000000ee180000, 0x0000000100000000)
  eden space 32256K, 0% used [0x00000000eac00000,0x00000000eac00000,0x00000000ecb80000)
  from space 6656K, 52% used [0x00000000ed180000,0x00000000ed4f03f8,0x00000000ed800000)
  to   space 6144K, 0% used [0x00000000ecb80000,0x00000000ecb80000,0x00000000ed180000)
 ParOldGen       total 35328K, used 7693K [0x00000000c0400000, 0x00000000c2680000, 0x00000000eac00000)
  object space 35328K, 21% used [0x00000000c0400000,0x00000000c0b837e8,0x00000000c2680000)
 Metaspace       used 24883K, capacity 25188K, committed 25472K, reserved 1073152K
  class space    used 2479K, capacity 2599K, committed 2688K, reserved 1048576K
}
Event: 11.255 GC heap before
{Heap before GC invocations=12 (full 1):
 PSYoungGen      total 38912K, used 35776K [0x00000000eac00000, 0x00000000ee180000, 0x0000000100000000)
  eden space 32256K, 100% used [0x00000000eac00000,0x00000000ecb80000,0x00000000ecb80000)
  from space 6656K, 52% used [0x00000000ed180000,0x00000000ed4f03f8,0x00000000ed800000)
  to   space 6144K, 0% used [0x00000000ecb80000,0x00000000ecb80000,0x00000000ed180000)
 ParOldGen       total 35328K, used 7693K [0x00000000c0400000, 0x00000000c2680000, 0x00000000eac00000)
  object space 35328K, 21% used [0x00000000c0400000,0x00000000c0b837e8,0x00000000c2680000)
 Metaspace       used 29236K, capacity 29546K, committed 29824K, reserved 1075200K
  class space    used 2995K, capacity 3112K, committed 3200K, reserved 1048576K
Event: 11.262 GC heap after
Heap after GC invocations=12 (full 1):
 PSYoungGen      total 38400K, used 4222K [0x00000000eac00000, 0x00000000ee180000, 0x0000000100000000)
  eden space 32256K, 0% used [0x00000000eac00000,0x00000000eac00000,0x00000000ecb80000)
  from space 6144K, 68% used [0x00000000ecb80000,0x00000000ecf9fa70,0x00000000ed180000)
  to   space 6144K, 0% used [0x00000000edb80000,0x00000000edb80000,0x00000000ee180000)
 ParOldGen       total 35328K, used 9075K [0x00000000c0400000, 0x00000000c2680000, 0x00000000eac00000)
  object space 35328K, 25% used [0x00000000c0400000,0x00000000c0cdcdd0,0x00000000c2680000)
 Metaspace       used 29236K, capacity 29546K, committed 29824K, reserved 1075200K
  class space    used 2995K, capacity 3112K, committed 3200K, reserved 1048576K
}

Deoptimization events (10 events):
Event: 8.685 Thread 0x0000000017d6d000 Uncommon trap: reason=unstable_if action=reinterpret pc=0x00000000033a6048 method=java.util.jar.Attributes.read(Ljava/util/jar/Manifest$FastInputStream;[B)V @ 58
Event: 8.685 Thread 0x0000000017d6d000 Uncommon trap: reason=unstable_if action=reinterpret pc=0x0000000003382e24 method=java.util.jar.Manifest$FastInputStream.peek()B @ 23
Event: 8.743 Thread 0x0000000017d6d000 Uncommon trap: reason=unstable_if action=reinterpret pc=0x0000000003342e78 method=sun.nio.cs.UTF_8$Decoder.decode([BII[C)I @ 30
Event: 8.871 Thread 0x0000000017d6d000 Uncommon trap: reason=bimorphic action=maybe_recompile pc=0x00000000033b3a80 method=java.util.Properties$LineReader.readLine()I @ 62
Event: 8.871 Thread 0x0000000017d6d000 Uncommon trap: reason=class_check action=maybe_recompile pc=0x00000000033b3ab8 method=java.util.Properties$LineReader.readLine()I @ 410
Event: 8.871 Thread 0x0000000017d6d000 Uncommon trap: reason=bimorphic action=maybe_recompile pc=0x00000000033b3a80 method=java.util.Properties$LineReader.readLine()I @ 62
Event: 9.140 Thread 0x0000000017d6d000 Uncommon trap: reason=class_check action=maybe_recompile pc=0x00000000033cc798 method=java.util.Hashtable.put(Ljava/lang/Object;Ljava/lang/Object;)Ljava/lang/Object; @ 60
Event: 9.385 Thread 0x0000000017d6d000 Uncommon trap: reason=unstable_if action=reinterpret pc=0x0000000003562c24 method=java.util.HashMap.tableSizeFor(I)I @ 37
Event: 9.385 Thread 0x0000000017d6d000 Uncommon trap: reason=unstable_if action=reinterpret pc=0x00000000033e09f0 method=java.util.HashMap.tableSizeFor(I)I @ 37
Event: 9.820 Thread 0x0000000017b6b000 Uncommon trap: reason=unstable_if action=reinterpret pc=0x000000000333db44 method=java.util.concurrent.ConcurrentHashMap.putVal(Ljava/lang/Object;Ljava/lang/Object;Z)Ljava/lang/Object; @ 98

Internal exceptions (10 events):
Event: 9.746 Thread 0x0000000017d6d000 Exception <a 'java/lang/ClassNotFoundException': com/mchange/v2/c3p0/impl/AbstractIdentityTokenizedCustomizer> (0x00000000ebe9e920) thrown at [D:\re\puppet\workspace\8-2-build-windows-amd64-cygwin\jdk8u73\6086\hotspot\src\share\vm\classfile\systemDictionark~½ï~#@
Event: 9.748 Thread 0x0000000017d6d000 Exception <a 'java/lang/ClassNotFoundException': com/mchange/v2/c3p0/impl/IdentityTokenResolvableCustomizer> (0x00000000ebeb48f0) thrown at [D:\re\puppet\workspace\8-2-build-windows-amd64-cygwin\jdk8u73\6086\hotspot\src\share\vm\classfile\systemDictionary.;MïO–#@
Event: 9.749 Thread 0x0000000017d6d000 Exception <a 'java/lang/ClassNotFoundException': com/mchange/v2/c3p0/impl/WrapperConnectionPoolDataSourceBaseCustomizer> (0x00000000ebeccab8) thrown at [D:\re\puppet\workspace\8-2-build-windows-amd64-cygwin\jdk8u73\6086\hotspot\src\share\vm\classfile\systeFinal.ja\•Ð$f
Event: 9.756 Thread 0x0000000017d6d000 Exception <a 'java/lang/ClassNotFoundException': com/mchange/v2/c3p0/WrapperConnectionPoolDataSourceCustomizer> (0x00000000ebf584c8) thrown at [D:\re\puppet\workspace\8-2-build-windows-amd64-cygwin\jdk8u73\6086\hotspot\src\share\vm\classfile\systemDictionaú¢OQ‡#@
Event: 9.764 Thread 0x0000000017d6d000 Exception <a 'java/lang/ClassNotFoundException': com/mchange/v2/c3p0/DriverManagerDataSourceBeanInfo> (0x00000000ebf80d08) thrown at [D:\re\puppet\workspace\8-2-build-windows-amd64-cygwin\jdk8u73\6086\hotspot\src\share\vm\classfile\systemDictionary.cpp, li€õn¤ˆ#@
Event: 9.766 Thread 0x0000000017d6d000 Exception <a 'java/lang/ClassNotFoundException': com/mchange/v2/c3p0/impl/DriverManagerDataSourceBaseBeanInfo> (0x00000000ebf95528) thrown at [D:\re\puppet\workspace\8-2-build-windows-amd64-cygwin\jdk8u73\6086\hotspot\src\share\vm\classfile\systemDictionarwÈOã¯ˆ#@
Event: 9.767 Thread 0x0000000017d6d000 Exception <a 'java/lang/ClassNotFoundException': com/mchange/v2/c3p0/impl/DriverManagerDataSourceBaseCustomizer> (0x00000000ebfaa288) thrown at [D:\re\puppet\workspace\8-2-build-windows-amd64-cygwin\jdk8u73\6086\hotspot\src\share\vm\classfile\systemDiction
0	Ô‰#@
Event: 9.769 Thread 0x0000000017d6d000 Exception <a 'java/lang/ClassNotFoundException': com/mchange/v2/c3p0/DriverManagerDataSourceCustomizer> (0x00000000ebfda240) thrown at [D:\re\puppet\workspace\8-2-build-windows-amd64-cygwin\jdk8u73\6086\hotspot\src\share\vm\classfile\systemDictionary.cpp, ~¡¤ù‰#@
Event: 9.769 Thread 0x0000000017d6d000 Exception <a 'java/lang/ArrayIndexOutOfBoundsException'> (0x00000000ebfddfe8) thrown at [D:\re\puppet\workspace\8-2-build-windows-amd64-cygwin\jdk8u73\6086\hotspot\src\share\vm\runtime\sharedRuntime.cpp, line 605]
Event: 9.770 Thread 0x0000000017d6d000 Exception <a 'java/lang/ArrayIndexOutOfBoundsException'> (0x00000000ebfe08f8) thrown at [D:\re\puppet\workspace\8-2-build-windows-amd64-cygwin\jdk8u73\6086\hotspot\src\share\vm\runtime\sharedRuntime.cpp, line 605]

Events (10 events):
Event: 12.314 Thread 0x0000000017d6d000 DEOPT PACKING pc=0x000000000337a8e4 sp=0x000000001bfddec0
Event: 12.315 Thread 0x0000000017d6d000 DEOPT UNPACKING pc=0x000000000304787f sp=0x000000001bfddc38 mode 1
Event: 12.315 loading class org/hibernate/internal/AbstractSessionImpl$NonContextualJdbcConnectionAccess
Event: 12.315 loading class org/hibernate/internal/AbstractSessionImpl$NonContextualJdbcConnectionAccess done
Event: 12.315 Thread 0x0000000017d6d000 DEOPT PACKING pc=0x000000000385a208 sp=0x000000001bfdd530
Event: 12.315 Thread 0x0000000017d6d000 DEOPT UNPACKING pc=0x000000000304787f sp=0x000000001bfdd220 mode 1
Event: 12.316 loading class org/hibernate/engine/transaction/internal/SynchronizationRegistryImpl
Event: 12.316 loading class org/hibernate/engine/transaction/internal/SynchronizationRegistryImpl done
Event: 12.316 Thread 0x0000000017d6d000 DEOPT PACKING pc=0x000000000385a208 sp=0x000000001bfdd630
Event: 12.316 Thread 0x0000000017d6d000 DEOPT UNPACKING pc=0x000000000304787f sp=0x000000001bfdd320 mode 1


Dynamic libraries:
0x00007ff6fc560000 - 0x00007ff6fc597000 	C:\java\jdk1.8.0_73\bin\java.exe
0x00007ffeee790000 - 0x00007ffeee961000 	C:\WINDOWS\SYSTEM32\ntdll.dll
0x00007ffeedb80000 - 0x00007ffeedc2b000 	C:\WINDOWS\System32\KERNEL32.DLL
0x00007ffeeb2f0000 - 0x00007ffeeb50d000 	C:\WINDOWS\System32\KERNELBASE.dll
0x00007ffeed340000 - 0x00007ffeed3e2000 	C:\WINDOWS\System32\ADVAPI32.dll
0x00007ffeedde0000 - 0x00007ffeede7e000 	C:\WINDOWS\System32\msvcrt.dll
0x00007ffeedab0000 - 0x00007ffeedb09000 	C:\WINDOWS\System32\sechost.dll
0x00007ffeedc40000 - 0x00007ffeedd61000 	C:\WINDOWS\System32\RPCRT4.dll
0x00007ffeed510000 - 0x00007ffeed675000 	C:\WINDOWS\System32\USER32.dll
0x00007ffeeb0a0000 - 0x00007ffeeb0be000 	C:\WINDOWS\System32\win32u.dll
0x00007ffeee050000 - 0x00007ffeee084000 	C:\WINDOWS\System32\GDI32.dll
0x00007ffeeaf10000 - 0x00007ffeeb092000 	C:\WINDOWS\System32\gdi32full.dll
0x00007ffee5f10000 - 0x00007ffee6189000 	C:\WINDOWS\WinSxS\amd64_microsoft.windows.common-controls_6595b64144ccf1df_6.0.14393.447_none_42191651c6827bb3\COMCTL32.dll
0x00007ffeee0b0000 - 0x00007ffeee378000 	C:\WINDOWS\System32\combase.dll
0x00007ffeeae10000 - 0x00007ffeeaf05000 	C:\WINDOWS\System32\ucrtbase.dll
0x00007ffeebc90000 - 0x00007ffeebcfa000 	C:\WINDOWS\System32\bcryptPrimitives.dll
0x00007ffeebe00000 - 0x00007ffeebe2e000 	C:\WINDOWS\System32\IMM32.DLL
0x0000000062040000 - 0x0000000062112000 	C:\java\jdk1.8.0_73\jre\bin\msvcr100.dll
0x0000000062120000 - 0x00000000629b0000 	C:\java\jdk1.8.0_73\jre\bin\server\jvm.dll
0x00007ffeee780000 - 0x00007ffeee788000 	C:\WINDOWS\System32\PSAPI.DLL
0x00007ffee30f0000 - 0x00007ffee30f9000 	C:\WINDOWS\SYSTEM32\WSOCK32.dll
0x00007ffee84e0000 - 0x00007ffee8503000 	C:\WINDOWS\SYSTEM32\WINMM.dll
0x00007ffee6fa0000 - 0x00007ffee6faa000 	C:\WINDOWS\SYSTEM32\VERSION.dll
0x00007ffeedd70000 - 0x00007ffeeddda000 	C:\WINDOWS\System32\WS2_32.dll
0x0000000002be0000 - 0x0000000002c0b000 	C:\WINDOWS\SYSTEM32\WINMMBASE.dll
0x00007ffeeadc0000 - 0x00007ffeeae02000 	C:\WINDOWS\System32\cfgmgr32.dll
0x0000000063140000 - 0x000000006314f000 	C:\java\jdk1.8.0_73\jre\bin\verify.dll
0x0000000063110000 - 0x0000000063139000 	C:\java\jdk1.8.0_73\jre\bin\java.dll
0x0000000062000000 - 0x0000000062035000 	C:\java\jdk1.8.0_73\jre\bin\jdwp.dll
0x0000000061fd0000 - 0x0000000061ff3000 	C:\java\jdk1.8.0_73\jre\bin\instrument.dll
0x0000000062da0000 - 0x0000000062da8000 	C:\java\jdk1.8.0_73\jre\bin\npt.dll
0x00000000630f0000 - 0x0000000063106000 	C:\java\jdk1.8.0_73\jre\bin\zip.dll
0x00007ffeebe30000 - 0x00007ffeed339000 	C:\WINDOWS\System32\SHELL32.dll
0x00007ffeeb510000 - 0x00007ffeebbea000 	C:\WINDOWS\System32\windows.storage.dll
0x00007ffeeac00000 - 0x00007ffeeac4c000 	C:\WINDOWS\System32\powrprof.dll
0x00007ffeed3f0000 - 0x00007ffeed442000 	C:\WINDOWS\System32\shlwapi.dll
0x00007ffeeabf0000 - 0x00007ffeeabff000 	C:\WINDOWS\System32\kernel.appcore.dll
0x00007ffeeac60000 - 0x00007ffeead09000 	C:\WINDOWS\System32\shcore.dll
0x00007ffeeabd0000 - 0x00007ffeeabe4000 	C:\WINDOWS\System32\profapi.dll
0x0000000062d90000 - 0x0000000062d99000 	C:\java\jdk1.8.0_73\jre\bin\dt_socket.dll
0x00007ffeea3d0000 - 0x00007ffeea42c000 	C:\WINDOWS\system32\mswsock.dll
0x00000000630d0000 - 0x00000000630ea000 	C:\java\jdk1.8.0_73\jre\bin\net.dll
0x00007ffee73a0000 - 0x00007ffee73b6000 	C:\WINDOWS\system32\napinsp.dll
0x00007ffee7440000 - 0x00007ffee745a000 	C:\WINDOWS\system32\pnrpnsp.dll
0x00007ffee6da0000 - 0x00007ffee6db8000 	C:\WINDOWS\system32\NLAapi.dll
0x00007ffeea1b0000 - 0x00007ffeea250000 	C:\WINDOWS\SYSTEM32\DNSAPI.dll
0x00007ffeedb10000 - 0x00007ffeedb18000 	C:\WINDOWS\System32\NSI.dll
0x00007ffeea160000 - 0x00007ffeea198000 	C:\WINDOWS\SYSTEM32\IPHLPAPI.DLL
0x00007ffee78f0000 - 0x00007ffee78fe000 	C:\WINDOWS\System32\winrnr.dll
0x00007ffee79c0000 - 0x00007ffee79d5000 	C:\WINDOWS\System32\wshbth.dll
0x00007ffedfae0000 - 0x00007ffedfaea000 	C:\Windows\System32\rasadhlp.dll
0x00007ffee1040000 - 0x00007ffee10aa000 	C:\WINDOWS\System32\fwpuclnt.dll
0x00007ffeeab10000 - 0x00007ffeeab3b000 	C:\WINDOWS\SYSTEM32\bcrypt.dll
0x00000000630b0000 - 0x00000000630c1000 	C:\java\jdk1.8.0_73\jre\bin\nio.dll
0x00007ffeea640000 - 0x00007ffeea657000 	C:\WINDOWS\SYSTEM32\CRYPTSP.dll
0x00007ffeea550000 - 0x00007ffeea583000 	C:\WINDOWS\system32\rsaenh.dll
0x00007ffeea250000 - 0x00007ffeea26f000 	C:\WINDOWS\SYSTEM32\USERENV.dll
0x00007ffeea660000 - 0x00007ffeea66b000 	C:\WINDOWS\SYSTEM32\CRYPTBASE.dll
0x00007ffee77f0000 - 0x00007ffee7806000 	C:\WINDOWS\SYSTEM32\dhcpcsvc6.DLL
0x00007ffee7be0000 - 0x00007ffee7bfa000 	C:\WINDOWS\SYSTEM32\dhcpcsvc.DLL
0x0000000062eb0000 - 0x0000000062ebd000 	C:\java\jdk1.8.0_73\jre\bin\management.dll

VM Arguments:
jvm_args: -javaagent:C:\Users\SouleymanePro\play-1.4.2\play-1.4.2\framework/play-1.4.2.jar -Xverify:none -Dfile.encoding=utf-8 -Xdebug -Xrunjdwp:transport=dt_socket,address=8000,server=y,suspend=n -Dplay.debug=yes -Dapplication.path=C:\Workspace\deezToSpot\deezToSpot -Dplay.id=snd 
java_command: play.server.Server 
java_class_path (initial): C:\Workspace\deezToSpot\deezToSpot\conf;C:\Users\SouleymanePro\play-1.4.2\play-1.4.2\framework\play-1.4.2.jar;C:\Users\SouleymanePro\play-1.4.2\play-1.4.2\modules\docviewer\lib\play-docviewer.jar;C:\Users\SouleymanePro\play-1.4.2\play-1.4.2\framework\lib\activation-1.1.1.jar;C:\Users\SouleymanePro\play-1.4.2\play-1.4.2\framework\lib\antlr-2.7.7.jar;C:\Users\SouleymanePro\play-1.4.2\play-1.4.2\framework\lib\asm-all-5.0.4.jar;C:\Users\SouleymanePro\play-1.4.2\play-1.4.2\framework\lib\async-http-client-1.9.31.jar;C:\Users\SouleymanePro\play-1.4.2\play-1.4.2\framework\lib\bcprov-jdk15-1.45.jar;C:\Users\SouleymanePro\play-1.4.2\play-1.4.2\framework\lib\c3p0-0.9.5.jar;C:\Users\SouleymanePro\play-1.4.2\play-1.4.2\framework\lib\c3p0-oracle-thin-extras-0.9.5.jar;C:\Users\SouleymanePro\play-1.4.2\play-1.4.2\framework\lib\cglib-3.2.1.jar;C:\Users\SouleymanePro\play-1.4.2\play-1.4.2\framework\lib\commons-beanutils-1.9.2.jar;C:\Users\SouleymanePro\play-1.4.2\play-1.4.2\framework\lib\commons-codec-1.10.jar;C:\Users\SouleymanePro\play-1.4.2\play-1.4.2\framework\lib\commons-collections-3.2.2.jar;C:\Users\SouleymanePro\play-1.4.2\play-1.4.2\framework\lib\commons-email-1.4.jar;C:\Users\SouleymanePro\play-1.4.2\play-1.4.2\framework\lib\commons-fileupload-1.3.1.jar;C:\Users\SouleymanePro\play-1.4.2\play-1.4.2\framework\lib\commons-io-2.4.jar;C:\Users\SouleymanePro\play-1.4.2\play-1.4.2\framework\lib\commons-javaflow-1590792.jar;C:\Users\SouleymanePro\play-1.4.2\play-1.4.2\framework\lib\commons-lang-2.6.jar;C:\Users\SouleymanePro\play-1.4.2\play-1.4.2\framework\lib\commons-logging-1.2.jar;C:\Users\SouleymanePro\play-1.4.2\play-1.4.2\framework\lib\dom4j-1.6.1.jar;C:\Users\SouleymanePro\play-1.4.2\play-1.4.2\framework\lib\ehcache-core-2.6.11.jar;C:\Users\SouleymanePro\play-1.4.2\play-1.4.2\framework\lib\ezmorph-1.0.6.jar;C:\Users\SouleymanePro\play-1.4.2\play-1.4.2\framework\lib\geronimo-servlet_2.5_spec-1.2.jar;C:\Users\SouleymanePro\play-1.4.2\play-1.4.2\fra
Launcher Type: SUN_STANDARD

Environment Variables:
JAVA_HOME=C:\java\jdk1.8.0_73
PATH=C:\java\jdk1.8.0_73\bin;%TOMCAT%\bin;C:\Users\SouleymanePro\play-1.4.2\play-1.4.2;C:\ProgramData\Oracle\Java\javapath;C:\Program Files (x86)\NVIDIA Corporation\PhysX\Common;C:\Program Files\Common Files\Microsoft Shared\Windows Live;C:\Program Files (x86)\Common Files\Microsoft Shared\Windows Live;C:\WINDOWS\system32;C:\WINDOWS;C:\WINDOWS\System32\Wbem;C:\WINDOWS\System32\WindowsPowerShell\v1.0\;C:\Program Files (x86)\Sony\VAIO Startup Setting Tool;C:\Program Files (x86)\Windows Live\Shared;C:\Program Files\Git\cmd;C:\Program Files (x86)\Skype\Phone\;C:\Users\SouleymanePro\AppData\Local\Microsoft\WindowsApps;
USERNAME=SouleymanePro
OS=Windows_NT
PROCESSOR_IDENTIFIER=Intel64 Family 6 Model 42 Stepping 7, GenuineIntel



---------------  S Y S T E M  ---------------

OS: Windows 10.0 , 64 bit Build 14393 (10.0.14393.0)

CPU:total 4 (2 cores per cpu, 2 threads per core) family 6 model 42 stepping 7, cmov, cx8, fxsr, mmx, sse, sse2, sse3, ssse3, sse4.1, sse4.2, popcnt, avx, clmul, ht, tsc, tscinvbit

Memory: 4k page, physical 4175724k(394724k free), swap 4175724k(7052k free)

vm_info: Java HotSpot(TM) 64-Bit Server VM (25.73-b02) for windows-amd64 JRE (1.8.0_73-b02), built on Jan 29 2016 17:38:49 by "java_re" with MS VC++ 10.0 (VS2010)

time: Tue Dec 20 19:50:43 2016
elapsed time: 12 seconds (0d 0h 0m 12s)

